<?xml version="1.0" encoding="UTF-8"?>
<!-- Generated by org.testng.reporters.JUnitXMLReporter -->
<testsuite hostname="Bhojane" name="Default test" tests="11" failures="0" timestamp="1 Dec 2019 10:46:02 GMT" time="106.746" errors="0">
  <testcase name="clickOnBankingLinkTest" time="0.504" classname="com.jbkclass.qa.testcases.SalesPageTest"/>
  <testcase name="clickOnChangePswrdLinkTest" time="0.612" classname="com.jbkclass.qa.testcases.SalesPageTest"/>
  <testcase name="clickOnDashboardLinkTest" time="0.956" classname="com.jbkclass.qa.testcases.SalesPageTest"/>
  <testcase name="clickOnDimensionsLinkTest" time="0.621" classname="com.jbkclass.qa.testcases.SalesPageTest"/>
  <testcase name="clickOnFixedAssetsLinkTest" time="0.552" classname="com.jbkclass.qa.testcases.SalesPageTest"/>
  <testcase name="clickOnHelpLinkTests" time="0.404" classname="com.jbkclass.qa.testcases.SalesPageTest"/>
  <testcase name="clickOnItemInventoryLinkTest" time="0.868" classname="com.jbkclass.qa.testcases.SalesPageTest"/>
  <testcase name="clickOnLogutLinkTest" time="0.504" classname="com.jbkclass.qa.testcases.SalesPageTest"/>
  <testcase name="clickOnManufacturingLinkTest" time="0.489" classname="com.jbkclass.qa.testcases.SalesPageTest"/>
  <testcase name="clickOnPreferencesLinkTest" time="0.736" classname="com.jbkclass.qa.testcases.SalesPageTest"/>
  <testcase name="clickOnPurchaseLinkTest" time="0.616" classname="com.jbkclass.qa.testcases.SalesPageTest"/>
</testsuite> <!-- Default test -->
