<?xml version="1.0" encoding="UTF-8"?>
<!-- Generated by org.testng.reporters.JUnitXMLReporter -->
<testsuite hostname="Bhojane" ignored="2" name="Test" tests="2" failures="0" timestamp="14 Dec 2019 07:51:53 GMT" time="0.113" errors="0">
  <testcase name="f" time="0.031" classname="aa.Group"/>
  <testcase name="f1" time="0.0" classname="aa.Group"/>
  <testcase name="f" time="0.0" classname="aa.ExpectedExcepionsAttrOfTest">
    <ignored/>
  </testcase> <!-- f -->
  <testcase name="f2" time="0.0" classname="aa.Group">
    <ignored/>
  </testcase> <!-- f2 -->
</testsuite> <!-- Test -->
