<?xml version="1.0" encoding="UTF-8"?>
<testng-results skipped="0" failed="0" ignored="2" total="4" passed="2">
  <reporter-output>
  </reporter-output>
  <suite name="Suite" duration-ms="113" started-at="2019-12-14T07:51:52Z" finished-at="2019-12-14T07:51:52Z">
    <groups>
      <group name="smoke">
        <method signature="Group.f()[pri:1, instance:aa.Group@8a9f61]" name="f" class="aa.Group"/>
        <method signature="Group.f1()[pri:2, instance:aa.Group@8a9f61]" name="f1" class="aa.Group"/>
      </group> <!-- smoke -->
    </groups>
    <test name="Test" duration-ms="113" started-at="2019-12-14T07:51:52Z" finished-at="2019-12-14T07:51:52Z">
      <class name="aa.Group">
        <test-method status="PASS" signature="f()[pri:1, instance:aa.Group@8a9f61]" name="f" duration-ms="31" started-at="2019-12-14T13:21:52Z" finished-at="2019-12-14T13:21:52Z">
          <reporter-output>
          </reporter-output>
        </test-method> <!-- f -->
        <test-method status="PASS" signature="f1()[pri:2, instance:aa.Group@8a9f61]" name="f1" duration-ms="0" started-at="2019-12-14T13:21:52Z" finished-at="2019-12-14T13:21:52Z">
          <reporter-output>
          </reporter-output>
        </test-method> <!-- f1 -->
      </class> <!-- aa.Group -->
    </test> <!-- Test -->
  </suite> <!-- Suite -->
</testng-results>
