<?xml version="1.0" encoding="UTF-8"?>
<testng-results skipped="0" failed="0" total="1" passed="1">
  <reporter-output>
  </reporter-output>
  <suite name="Default suite" duration-ms="18595" started-at="2019-12-13T15:52:39Z" finished-at="2019-12-13T15:52:58Z">
    <groups>
    </groups>
    <test name="Default test" duration-ms="18595" started-at="2019-12-13T15:52:39Z" finished-at="2019-12-13T15:52:58Z">
      <class name="com.jbkclass.qa.testcases.HelpPageTest">
        <test-method status="PASS" signature="setUp()[pri:0, instance:com.jbkclass.qa.testcases.HelpPageTest@66a3ffec]" name="setUp" is-config="true" duration-ms="11714" started-at="2019-12-13T21:22:39Z" finished-at="2019-12-13T21:22:51Z">
          <reporter-output>
          </reporter-output>
        </test-method> <!-- setUp -->
        <test-method status="PASS" signature="getNewWindowTitleTest()[pri:0, instance:com.jbkclass.qa.testcases.HelpPageTest@66a3ffec]" name="getNewWindowTitleTest" duration-ms="4621" started-at="2019-12-13T21:22:51Z" finished-at="2019-12-13T21:22:56Z">
          <reporter-output>
          </reporter-output>
        </test-method> <!-- getNewWindowTitleTest -->
        <test-method status="PASS" signature="closeBrowser()[pri:0, instance:com.jbkclass.qa.testcases.HelpPageTest@66a3ffec]" name="closeBrowser" is-config="true" duration-ms="2191" started-at="2019-12-13T21:22:56Z" finished-at="2019-12-13T21:22:58Z">
          <reporter-output>
          </reporter-output>
        </test-method> <!-- closeBrowser -->
      </class> <!-- com.jbkclass.qa.testcases.HelpPageTest -->
    </test> <!-- Default test -->
  </suite> <!-- Default suite -->
</testng-results>
