<?xml version="1.0" encoding="UTF-8"?>
<testng-results skipped="0" failed="0" ignored="0" total="1" passed="1">
  <reporter-output>
  </reporter-output>
  <suite name="Default suite" duration-ms="1747" started-at="2020-01-25T14:41:03Z" finished-at="2020-01-25T14:41:04Z">
    <groups>
      <group name="cucumber">
        <method signature="RunnerClass.feature(cucumber.api.testng.CucumberFeatureWrapper)[pri:0, instance:runner.RunnerClass@24a35978]" name="feature" class="runner.RunnerClass"/>
      </group> <!-- cucumber -->
    </groups>
    <test name="Default test" duration-ms="1747" started-at="2020-01-25T14:41:03Z" finished-at="2020-01-25T14:41:04Z">
      <class name="runner.RunnerClass">
        <test-method status="PASS" signature="setUpClass()[pri:0, instance:runner.RunnerClass@24a35978]" name="setUpClass" is-config="true" duration-ms="892" started-at="2020-01-25T14:41:03Z" finished-at="2020-01-25T14:41:04Z">
          <reporter-output>
          </reporter-output>
        </test-method> <!-- setUpClass -->
        <test-method status="PASS" signature="feature(cucumber.api.testng.CucumberFeatureWrapper)[pri:0, instance:runner.RunnerClass@24a35978]" name="feature" duration-ms="387" started-at="2020-01-25T14:41:04Z" description="Runs Cucumber Feature" data-provider="features" finished-at="2020-01-25T14:41:04Z">
          <params>
            <param index="0">
              <value>
                <![CDATA[AdmitLTE login Feature]]>
              </value>
            </param>
          </params>
          <reporter-output>
          </reporter-output>
        </test-method> <!-- feature -->
        <test-method status="PASS" signature="tearDownClass()[pri:0, instance:runner.RunnerClass@24a35978]" name="tearDownClass" is-config="true" duration-ms="44" started-at="2020-01-25T14:41:04Z" finished-at="2020-01-25T14:41:04Z">
          <reporter-output>
          </reporter-output>
        </test-method> <!-- tearDownClass -->
      </class> <!-- runner.RunnerClass -->
    </test> <!-- Default test -->
  </suite> <!-- Default suite -->
</testng-results>
