<?xml version="1.0" encoding="UTF-8"?>
<testng-results skipped="0" failed="0" total="1" passed="1">
  <reporter-output>
  </reporter-output>
  <suite name="Suite for Online project" duration-ms="17016" started-at="2019-12-01T11:02:17Z" finished-at="2019-12-01T11:02:34Z">
    <groups>
    </groups>
    <test name="Online project Test cases" duration-ms="17016" started-at="2019-12-01T11:02:17Z" finished-at="2019-12-01T11:02:34Z">
      <class name="com.jbkclass.qa.testcases.LoginPageTest">
        <test-method status="PASS" signature="setUp()[pri:0, instance:com.jbkclass.qa.testcases.LoginPageTest@52af6cff]" name="setUp" is-config="true" duration-ms="12021" started-at="2019-12-01T16:32:17Z" finished-at="2019-12-01T16:32:29Z">
          <reporter-output>
          </reporter-output>
        </test-method> <!-- setUp -->
        <test-method status="PASS" signature="loginTest()[pri:0, instance:com.jbkclass.qa.testcases.LoginPageTest@52af6cff]" name="loginTest" duration-ms="2847" started-at="2019-12-01T16:32:29Z" finished-at="2019-12-01T16:32:32Z">
          <reporter-output>
          </reporter-output>
        </test-method> <!-- loginTest -->
        <test-method status="PASS" signature="closeBrowser()[pri:0, instance:com.jbkclass.qa.testcases.LoginPageTest@52af6cff]" name="closeBrowser" is-config="true" duration-ms="2120" started-at="2019-12-01T16:32:32Z" finished-at="2019-12-01T16:32:34Z">
          <reporter-output>
          </reporter-output>
        </test-method> <!-- closeBrowser -->
      </class> <!-- com.jbkclass.qa.testcases.LoginPageTest -->
    </test> <!-- Online project Test cases -->
  </suite> <!-- Suite for Online project -->
</testng-results>
